<?xml version="1.0" encoding="UTF-8"?>
<testng-results ignored="0" total="2" passed="2" failed="0" skipped="0">
  <reporter-output>
  </reporter-output>
  <suite started-at="2024-04-15T19:48:50 IST" name="Default suite" finished-at="2024-04-15T19:49:03 IST" duration-ms="12578">
    <groups>
    </groups>
    <test started-at="2024-04-15T19:48:50 IST" name="Default test" finished-at="2024-04-15T19:49:03 IST" duration-ms="12578">
      <class name="tc_test.TcTest">
        <test-method is-config="true" signature="setUp()[pri:0, instance:tc_test.TcTest@3349e9bb]" started-at="2024-04-15T19:48:50 IST" name="setUp" finished-at="2024-04-15T19:48:52 IST" duration-ms="1514" status="PASS">
          <reporter-output>
          </reporter-output>
        </test-method> <!-- setUp -->
        <test-method is-config="true" signature="url()[pri:0, instance:tc_test.TcTest@3349e9bb]" started-at="2024-04-15T19:48:52 IST" name="url" finished-at="2024-04-15T19:48:55 IST" duration-ms="2855" status="PASS">
          <reporter-output>
          </reporter-output>
        </test-method> <!-- url -->
        <test-method signature="register()[pri:1, instance:tc_test.TcTest@3349e9bb]" started-at="2024-04-15T19:48:55 IST" name="register" finished-at="2024-04-15T19:49:01 IST" duration-ms="6190" status="PASS">
          <reporter-output>
          </reporter-output>
        </test-method> <!-- register -->
        <test-method is-config="true" signature="url()[pri:0, instance:tc_test.TcTest@3349e9bb]" started-at="2024-04-15T19:49:01 IST" name="url" finished-at="2024-04-15T19:49:03 IST" duration-ms="1962" status="PASS">
          <reporter-output>
          </reporter-output>
        </test-method> <!-- url -->
        <test-method signature="titleVerification()[pri:2, instance:tc_test.TcTest@3349e9bb]" started-at="2024-04-15T19:49:03 IST" name="titleVerification" finished-at="2024-04-15T19:49:03 IST" duration-ms="9" status="PASS">
          <reporter-output>
          </reporter-output>
        </test-method> <!-- titleVerification -->
      </class> <!-- tc_test.TcTest -->
    </test> <!-- Default test -->
  </suite> <!-- Default suite -->
</testng-results>
